<?xml version="1.0" encoding="UTF-8"?>
<!-- Generated by org.testng.reporters.JUnitReportReporter -->
<testsuite hostname="Dinesh" failures="0" tests="2" name="pack.GreenAdd_Products_From_OutSide_1" time="396.663" errors="0" timestamp="2024-03-16T11:31:46 IST" skipped="0">
  <testcase classname="pack.GreenAdd_Products_From_OutSide_1" name="Login" time="10.926"/>
  <testcase classname="pack.GreenAdd_Products_From_OutSide_1" name="Greens_addProducts_Test_1_OutSide" time="385.737"/>
</testsuite> <!-- pack.GreenAdd_Products_From_OutSide_1 -->
