<?xml version="1.0" encoding="UTF-8"?>
<!-- Generated by org.testng.reporters.JUnitReportReporter -->
<testsuite hostname="Dinesh" failures="0" tests="2" name="logical_Cart_pack_Dinesh.LoginCart" time="0.001" errors="0" timestamp="2024-03-16T14:35:29 IST" skipped="2">
  <testcase classname="logical_Cart_pack_Dinesh.LoginCart" name="validLoginTest" time="0.000">
    <skipped/>
  </testcase> <!-- validLoginTest -->
  <testcase classname="logical_Cart_pack_Dinesh.LoginCart" name="invalidLoginTest" time="0.001">
    <skipped/>
  </testcase> <!-- invalidLoginTest -->
</testsuite> <!-- logical_Cart_pack_Dinesh.LoginCart -->
