<?xml version="1.0" encoding="UTF-8"?>
<!-- Generated by org.testng.reporters.JUnitReportReporter -->
<testsuite hostname="Dinesh" failures="0" tests="2" name="logical_Cart_pack_Dinesh.RemoveProducts_FromCart" time="0.000" errors="0" timestamp="2024-03-16T14:35:29 IST" skipped="2">
  <testcase classname="logical_Cart_pack_Dinesh.RemoveProducts_FromCart" name="Login" time="0.000">
    <skipped/>
  </testcase> <!-- Login -->
  <testcase classname="logical_Cart_pack_Dinesh.RemoveProducts_FromCart" name="RemoveProducts_From_Cart" time="0.000">
    <skipped/>
  </testcase> <!-- RemoveProducts_From_Cart -->
</testsuite> <!-- logical_Cart_pack_Dinesh.RemoveProducts_FromCart -->
