<?xml version="1.0" encoding="UTF-8"?>
<!-- Generated by org.testng.reporters.JUnitReportReporter -->
<testsuite hostname="Dinesh" failures="0" tests="1" name="logicalcartTest.SignUp_Functionality" time="11.100" errors="0" timestamp="2024-03-13T14:23:29 IST" skipped="0">
  <testcase classname="logicalcartTest.SignUp_Functionality" name="signup1" time="11.100"/>
</testsuite> <!-- logicalcartTest.SignUp_Functionality -->
