<?xml version="1.0" encoding="UTF-8"?>
<!-- Generated by org.testng.reporters.JUnitReportReporter -->
<testsuite hostname="Dinesh" failures="0" tests="2" name="logicalcartTest.searchfieldfunctionality" time="164.962" errors="0" timestamp="2024-03-13T14:23:29 IST" skipped="0">
  <testcase classname="logicalcartTest.searchfieldfunctionality" name="searchAndClickAllItemsInDropdown" time="50.438"/>
  <testcase classname="logicalcartTest.searchfieldfunctionality" name="searchbarcancel" time="114.524"/>
</testsuite> <!-- logicalcartTest.searchfieldfunctionality -->
