<?xml version="1.0" encoding="UTF-8"?>
<!-- Generated by org.testng.reporters.JUnitReportReporter -->
<testsuite hostname="Dinesh" failures="0" tests="2" name="logicalcartTest.CheckOut" time="34.853" errors="0" timestamp="2024-03-13T14:23:29 IST" skipped="0">
  <testcase classname="logicalcartTest.CheckOut" name="Login" time="4.711"/>
  <testcase classname="logicalcartTest.CheckOut" name="clickproduct" time="30.142"/>
</testsuite> <!-- logicalcartTest.CheckOut -->
