<?xml version="1.0" encoding="UTF-8"?>
<!-- Generated by org.testng.reporters.JUnitReportReporter -->
<testsuite hostname="Dinesh" failures="0" tests="2" name="muthu.Rice_Category_Functionality" time="25.183" errors="0" timestamp="2024-03-16T09:22:42 IST" skipped="0">
  <testcase classname="muthu.Rice_Category_Functionality" name="Login" time="3.840"/>
  <testcase classname="muthu.Rice_Category_Functionality" name="Gettext" time="21.343"/>
</testsuite> <!-- muthu.Rice_Category_Functionality -->
