<?xml version="1.0" encoding="UTF-8"?>
<!-- Generated by org.testng.reporters.JUnitReportReporter -->
<testsuite hostname="Dinesh" failures="0" tests="2" name="pack.GreenAdd_Products_From_OutSide_2" time="249.781" errors="0" timestamp="2024-03-16T13:50:00 IST" skipped="0">
  <testcase classname="pack.GreenAdd_Products_From_OutSide_2" name="Login" time="10.994"/>
  <testcase classname="pack.GreenAdd_Products_From_OutSide_2" name="Greens_addProductsTest_OutSide_2" time="238.787"/>
</testsuite> <!-- pack.GreenAdd_Products_From_OutSide_2 -->
