<?xml version="1.0" encoding="UTF-8"?>
<!-- Generated by org.testng.reporters.JUnitReportReporter -->
<testsuite hostname="Dinesh" failures="0" tests="6" name="logicalcartTest.eggsandnutscart" time="152.514" errors="0" timestamp="2024-03-13T14:23:29 IST" skipped="0">
  <testcase classname="logicalcartTest.eggsandnutscart" name="Login" time="4.531"/>
  <testcase classname="logicalcartTest.eggsandnutscart" name="Add_cart" time="87.814"/>
  <testcase classname="logicalcartTest.eggsandnutscart" name="Add_cart1" time="13.682"/>
  <testcase classname="logicalcartTest.eggsandnutscart" name="Add_cart2" time="12.811"/>
  <testcase classname="logicalcartTest.eggsandnutscart" name="Add_cart3" time="16.204"/>
  <testcase classname="logicalcartTest.eggsandnutscart" name="Add_cart4" time="17.472"/>
</testsuite> <!-- logicalcartTest.eggsandnutscart -->
