<?xml version="1.0" encoding="UTF-8"?>
<!-- Generated by org.testng.reporters.JUnitReportReporter -->
<testsuite hostname="Dinesh" failures="0" tests="2" name="pack.Getting_GreenProduct_Title" time="35.974" errors="0" timestamp="2024-03-16T11:12:18 IST" skipped="0">
  <testcase classname="pack.Getting_GreenProduct_Title" name="Login" time="10.977"/>
  <testcase classname="pack.Getting_GreenProduct_Title" name="Green_Getting_Title" time="24.997"/>
</testsuite> <!-- pack.Getting_GreenProduct_Title -->
