<?xml version="1.0" encoding="UTF-8"?>
<!-- Generated by org.testng.reporters.JUnitReportReporter -->
<testsuite hostname="Dinesh" failures="0" tests="2" name="pack.Proceed_Buying" time="21.780" errors="0" timestamp="2024-03-16T13:42:52 IST" skipped="0">
  <testcase classname="pack.Proceed_Buying" name="Login" time="10.953"/>
  <testcase classname="pack.Proceed_Buying" name="Proceed_Buy_Valid_Data11" time="10.827"/>
</testsuite> <!-- pack.Proceed_Buying -->
