<?xml version="1.0" encoding="UTF-8"?>
<!-- Generated by org.testng.reporters.JUnitReportReporter -->
<testsuite hostname="Dinesh" failures="0" tests="2" name="logicalcartTest.Proceed_Buying" time="27.092" errors="0" timestamp="2024-03-13T14:23:29 IST" skipped="0">
  <testcase classname="logicalcartTest.Proceed_Buying" name="Login" time="11.519"/>
  <testcase classname="logicalcartTest.Proceed_Buying" name="Proceed_Buy_Valid_Data" time="15.573"/>
</testsuite> <!-- logicalcartTest.Proceed_Buying -->
