<?xml version="1.0" encoding="UTF-8"?>
<!-- Generated by org.testng.reporters.JUnitReportReporter -->
<testsuite hostname="Dinesh" failures="0" tests="2" name="logicalcartTest.LoginCart" time="73.947" errors="0" timestamp="2024-03-13T14:23:29 IST" skipped="0">
  <testcase classname="logicalcartTest.LoginCart" name="validLoginTest" time="23.801"/>
  <testcase classname="logicalcartTest.LoginCart" name="invalidLoginTest" time="50.146"/>
</testsuite> <!-- logicalcartTest.LoginCart -->
