<?xml version="1.0" encoding="UTF-8"?>
<!-- Generated by org.testng.reporters.JUnitReportReporter -->
<testsuite hostname="Dinesh" failures="0" tests="1" name="muthu.SignUp_Nagative_Functionality" time="17.123" errors="0" timestamp="2024-03-16T09:27:50 IST" skipped="0">
  <testcase classname="muthu.SignUp_Nagative_Functionality" name="signup1" time="17.123"/>
</testsuite> <!-- muthu.SignUp_Nagative_Functionality -->
