<?xml version="1.0" encoding="UTF-8"?>
<!-- Generated by org.testng.reporters.JUnitReportReporter -->
<testsuite hostname="Dinesh" failures="0" tests="2" name="logicalcartTest.AddToCart_inside" time="95.189" errors="0" timestamp="2024-03-13T14:23:29 IST" skipped="0">
  <testcase classname="logicalcartTest.AddToCart_inside" name="Login" time="4.560"/>
  <testcase classname="logicalcartTest.AddToCart_inside" name="Add_cart" time="90.629"/>
</testsuite> <!-- logicalcartTest.AddToCart_inside -->
