<?xml version="1.0" encoding="UTF-8"?>
<!-- Generated by org.testng.reporters.JUnitReportReporter -->
<testsuite hostname="Dinesh" failures="0" tests="2" name="logical_Cart_pack_Dinesh.Proceed_Buying" time="0.000" errors="0" timestamp="2024-03-16T14:35:29 IST" skipped="2">
  <testcase classname="logical_Cart_pack_Dinesh.Proceed_Buying" name="Login" time="0.000">
    <skipped/>
  </testcase> <!-- Login -->
  <testcase classname="logical_Cart_pack_Dinesh.Proceed_Buying" name="Proceed_Buy_Valid_Data11" time="0.000">
    <skipped/>
  </testcase> <!-- Proceed_Buy_Valid_Data11 -->
</testsuite> <!-- logical_Cart_pack_Dinesh.Proceed_Buying -->
