<?xml version="1.0" encoding="UTF-8"?>
<!-- Generated by org.testng.reporters.JUnitReportReporter -->
<testsuite hostname="Dinesh" failures="0" tests="2" name="logicalcartTest.GreenAdd_Products_From_OutSide_2" time="326.009" errors="0" timestamp="2024-03-13T14:23:29 IST" skipped="0">
  <testcase classname="logicalcartTest.GreenAdd_Products_From_OutSide_2" name="Login" time="11.248"/>
  <testcase classname="logicalcartTest.GreenAdd_Products_From_OutSide_2" name="Greens_addProductsTest_OutSide_2" time="314.761"/>
</testsuite> <!-- logicalcartTest.GreenAdd_Products_From_OutSide_2 -->
