<?xml version="1.0" encoding="UTF-8"?>
<!-- Generated by org.testng.reporters.JUnitReportReporter -->
<testsuite hostname="Dinesh" failures="0" tests="4" name="logicalcartTest.Rice_Category_Functionality" time="178.458" errors="0" timestamp="2024-03-13T14:23:29 IST" skipped="0">
  <testcase classname="logicalcartTest.Rice_Category_Functionality" name="Login" time="5.398"/>
  <testcase classname="logicalcartTest.Rice_Category_Functionality" name="Gettext" time="21.688"/>
  <testcase classname="logicalcartTest.Rice_Category_Functionality" name="addtocart_inside" time="62.013"/>
  <testcase classname="logicalcartTest.Rice_Category_Functionality" name="addProductsHomePage" time="89.359"/>
</testsuite> <!-- logicalcartTest.Rice_Category_Functionality -->
