<?xml version="1.0" encoding="UTF-8"?>
<!-- Generated by org.testng.reporters.JUnitReportReporter -->
<testsuite hostname="Dinesh" failures="0" tests="2" name="logicalcartTest.Getting_GreenProduct_Title" time="36.628" errors="0" timestamp="2024-03-13T14:23:29 IST" skipped="0">
  <testcase classname="logicalcartTest.Getting_GreenProduct_Title" name="Login" time="11.573"/>
  <testcase classname="logicalcartTest.Getting_GreenProduct_Title" name="Green_Getting_Title" time="25.055"/>
</testsuite> <!-- logicalcartTest.Getting_GreenProduct_Title -->
