<?xml version="1.0" encoding="UTF-8"?>
<!-- Generated by org.testng.reporters.JUnitReportReporter -->
<testsuite hostname="Dinesh" failures="0" tests="1" name="muthu.Forget_Password" time="0.333" errors="0" timestamp="2024-03-16T09:20:12 IST" skipped="0">
  <testcase classname="muthu.Forget_Password" name="forget_passwords" time="0.333"/>
</testsuite> <!-- muthu.Forget_Password -->
