<?xml version="1.0" encoding="UTF-8"?>
<!-- Generated by org.testng.reporters.JUnitReportReporter -->
<testsuite hostname="Dinesh" failures="0" tests="2" name="pack.LoginCart" time="72.063" errors="0" timestamp="2024-03-16T13:30:32 IST" skipped="0">
  <testcase classname="pack.LoginCart" name="validLoginTest" time="22.344"/>
  <testcase classname="pack.LoginCart" name="invalidLoginTest" time="49.719"/>
</testsuite> <!-- pack.LoginCart -->
