<?xml version="1.0" encoding="UTF-8"?>
<!-- Generated by org.testng.reporters.JUnitReportReporter -->
<testsuite hostname="Dinesh" failures="0" tests="3" name="logicalcartTest.AddTo_Cart" time="34.540" errors="0" timestamp="2024-03-13T14:23:29 IST" skipped="0">
  <testcase classname="logicalcartTest.AddTo_Cart" name="Login" time="4.513"/>
  <testcase classname="logicalcartTest.AddTo_Cart" name="Meats" time="6.207"/>
  <testcase classname="logicalcartTest.AddTo_Cart" name="addProductsTest" time="23.820"/>
</testsuite> <!-- logicalcartTest.AddTo_Cart -->
