<?xml version="1.0" encoding="UTF-8"?>
<!-- Generated by org.testng.reporters.JUnitReportReporter -->
<testsuite hostname="Dinesh" failures="0" tests="2" name="pack.GreenAdd_Products_From_InSide" time="401.575" errors="0" timestamp="2024-03-16T11:21:02 IST" skipped="0">
  <testcase classname="pack.GreenAdd_Products_From_InSide" name="Login" time="11.005"/>
  <testcase classname="pack.GreenAdd_Products_From_InSide" name="Greens_addProducts_Test_1_Inside" time="390.570"/>
</testsuite> <!-- pack.GreenAdd_Products_From_InSide -->
